2025-12-03 18:36:19 — INFO — main — Starting Flipkart scraping pipeline…
2025-12-03 18:36:19 — INFO — pipeline — Processing page 1
2025-12-03 18:36:19 — INFO — fetcher — Request attempt 1: https://www.flipkart.com/search?q=mobile+phones
2025-12-03 18:36:22 — INFO — fetcher — Page fetched successfully.
2025-12-03 18:36:22 — INFO — parser — Found 24 product cards.
2025-12-03 18:38:28 — INFO — main — Starting Flipkart scraping pipeline…
2025-12-03 18:38:28 — INFO — pipeline — Processing page 1
2025-12-03 18:38:28 — INFO — fetcher — Request attempt 1: https://www.flipkart.com/search?q=mobile+phones
2025-12-03 18:38:29 — INFO — fetcher — Page fetched successfully.
2025-12-03 18:38:29 — INFO — parser — Found 24 product cards.
2025-12-03 18:38:29 — INFO — pagination — Next page found: https://www.flipkart.com/search?q=mobile+phones&page=2
2025-12-03 18:38:31 — INFO — pipeline — Processing page 2
2025-12-03 18:38:31 — INFO — fetcher — Request attempt 1: https://www.flipkart.com/search?q=mobile+phones&page=2
2025-12-03 18:38:33 — INFO — fetcher — Page fetched successfully.
2025-12-03 18:38:33 — INFO — parser — Found 24 product cards.
2025-12-03 18:38:33 — INFO — pagination — Next page found: https://www.flipkart.com/search?q=mobile+phones&page=3
2025-12-03 18:38:35 — INFO — pipeline — Processing page 3
2025-12-03 18:38:35 — INFO — fetcher — Request attempt 1: https://www.flipkart.com/search?q=mobile+phones&page=3
2025-12-03 18:38:36 — INFO — fetcher — Page fetched successfully.
2025-12-03 18:38:36 — INFO — parser — Found 24 product cards.
2025-12-03 18:38:36 — INFO — pagination — Next page found: https://www.flipkart.com/search?q=mobile+phones&page=4
2025-12-03 18:38:39 — INFO — pipeline — Processing page 4
2025-12-03 18:38:39 — INFO — fetcher — Request attempt 1: https://www.flipkart.com/search?q=mobile+phones&page=4
2025-12-03 18:38:40 — INFO — fetcher — Page fetched successfully.
2025-12-03 18:38:40 — INFO — parser — Found 24 product cards.
2025-12-03 18:38:40 — INFO — pagination — Next page found: https://www.flipkart.com/search?q=mobile+phones&page=5
2025-12-03 18:38:42 — INFO — pipeline — Processing page 5
2025-12-03 18:38:42 — INFO — fetcher — Request attempt 1: https://www.flipkart.com/search?q=mobile+phones&page=5
2025-12-03 18:38:44 — INFO — fetcher — Page fetched successfully.
2025-12-03 18:38:44 — INFO — parser — Found 24 product cards.
2025-12-03 18:38:44 — INFO — pagination — Next page found: https://www.flipkart.com/search?q=mobile+phones&page=6
2025-12-03 18:38:46 — INFO — pipeline — Processing page 6
2025-12-03 18:38:46 — INFO — fetcher — Request attempt 1: https://www.flipkart.com/search?q=mobile+phones&page=6
2025-12-03 18:38:47 — INFO — fetcher — Page fetched successfully.
2025-12-03 18:38:47 — INFO — parser — Found 24 product cards.
2025-12-03 18:38:47 — INFO — pagination — Next page found: https://www.flipkart.com/search?q=mobile+phones&page=7
2025-12-03 18:38:50 — INFO — pipeline — Processing page 7
2025-12-03 18:38:50 — INFO — fetcher — Request attempt 1: https://www.flipkart.com/search?q=mobile+phones&page=7
2025-12-03 18:38:51 — INFO — fetcher — Page fetched successfully.
2025-12-03 18:38:51 — INFO — parser — Found 24 product cards.
2025-12-03 18:38:51 — INFO — pagination — Next page found: https://www.flipkart.com/search?q=mobile+phones&page=8
2025-12-03 18:38:53 — INFO — pipeline — Processing page 8
2025-12-03 18:38:53 — INFO — fetcher — Request attempt 1: https://www.flipkart.com/search?q=mobile+phones&page=8
2025-12-03 18:38:53 — INFO — fetcher — Page fetched successfully.
2025-12-03 18:38:54 — INFO — parser — Found 24 product cards.
2025-12-03 18:38:54 — INFO — pagination — Next page found: https://www.flipkart.com/search?q=mobile+phones&page=9
2025-12-03 18:38:55 — INFO — pipeline — Processing page 9
2025-12-03 18:38:55 — INFO — fetcher — Request attempt 1: https://www.flipkart.com/search?q=mobile+phones&page=9
2025-12-03 18:38:56 — INFO — fetcher — Page fetched successfully.
2025-12-03 18:38:56 — INFO — parser — Found 24 product cards.
2025-12-03 18:38:56 — INFO — pagination — Next page found: https://www.flipkart.com/search?q=mobile+phones&page=10
2025-12-03 18:38:59 — INFO — pipeline — Processing page 10
2025-12-03 18:38:59 — INFO — fetcher — Request attempt 1: https://www.flipkart.com/search?q=mobile+phones&page=10
2025-12-03 18:39:00 — INFO — fetcher — Page fetched successfully.
2025-12-03 18:39:00 — INFO — parser — Found 24 product cards.
2025-12-03 18:39:00 — INFO — pagination — Next page found: https://www.flipkart.com/search?q=mobile+phones&page=11
2025-12-03 18:39:02 — INFO — pipeline — Processing page 11
2025-12-03 18:39:02 — INFO — fetcher — Request attempt 1: https://www.flipkart.com/search?q=mobile+phones&page=11
2025-12-03 18:39:03 — INFO — fetcher — Page fetched successfully.
2025-12-03 18:39:03 — INFO — parser — Found 24 product cards.
2025-12-03 18:39:03 — INFO — pagination — Next page found: https://www.flipkart.com/search?q=mobile+phones&page=12
2025-12-03 18:39:06 — INFO — pipeline — Processing page 12
2025-12-03 18:39:06 — INFO — fetcher — Request attempt 1: https://www.flipkart.com/search?q=mobile+phones&page=12
2025-12-03 18:39:07 — INFO — fetcher — Page fetched successfully.
2025-12-03 18:39:07 — INFO — parser — Found 24 product cards.
2025-12-03 18:39:07 — INFO — pagination — Next page found: https://www.flipkart.com/search?q=mobile+phones&page=13
2025-12-03 18:39:09 — INFO — pipeline — Processing page 13
2025-12-03 18:39:09 — INFO — fetcher — Request attempt 1: https://www.flipkart.com/search?q=mobile+phones&page=13
2025-12-03 18:39:10 — INFO — fetcher — Page fetched successfully.
2025-12-03 18:39:10 — INFO — parser — Found 24 product cards.
2025-12-03 18:39:10 — INFO — pagination — Next page found: https://www.flipkart.com/search?q=mobile+phones&page=14
2025-12-03 18:39:13 — INFO — pipeline — Processing page 14
2025-12-03 18:39:13 — INFO — fetcher — Request attempt 1: https://www.flipkart.com/search?q=mobile+phones&page=14
2025-12-03 18:39:14 — INFO — fetcher — Page fetched successfully.
2025-12-03 18:39:15 — INFO — parser — Found 24 product cards.
2025-12-03 18:39:15 — INFO — pagination — Next page found: https://www.flipkart.com/search?q=mobile+phones&page=15
2025-12-03 18:39:16 — INFO — pipeline — Processing page 15
2025-12-03 18:39:16 — INFO — fetcher — Request attempt 1: https://www.flipkart.com/search?q=mobile+phones&page=15
2025-12-03 18:39:17 — INFO — fetcher — Page fetched successfully.
2025-12-03 18:39:17 — INFO — parser — Found 24 product cards.
2025-12-03 18:39:17 — INFO — pagination — Next page found: https://www.flipkart.com/search?q=mobile+phones&page=16
2025-12-03 18:39:20 — INFO — pipeline — Processing page 16
2025-12-03 18:39:20 — INFO — fetcher — Request attempt 1: https://www.flipkart.com/search?q=mobile+phones&page=16
2025-12-03 18:39:21 — INFO — fetcher — Page fetched successfully.
2025-12-03 18:39:21 — INFO — parser — Found 24 product cards.
2025-12-03 18:39:21 — INFO — pagination — Next page found: https://www.flipkart.com/search?q=mobile+phones&page=17
2025-12-03 18:39:23 — INFO — pipeline — Processing page 17
2025-12-03 18:39:23 — INFO — fetcher — Request attempt 1: https://www.flipkart.com/search?q=mobile+phones&page=17
2025-12-03 18:39:24 — INFO — fetcher — Page fetched successfully.
2025-12-03 18:39:24 — INFO — parser — Found 24 product cards.
2025-12-03 18:39:24 — INFO — pagination — Next page found: https://www.flipkart.com/search?q=mobile+phones&page=18
2025-12-03 18:39:26 — INFO — pipeline — Processing page 18
2025-12-03 18:39:26 — INFO — fetcher — Request attempt 1: https://www.flipkart.com/search?q=mobile+phones&page=18
2025-12-03 18:39:26 — INFO — fetcher — Page fetched successfully.
2025-12-03 18:39:27 — INFO — parser — Found 24 product cards.
2025-12-03 18:39:27 — INFO — pagination — Next page found: https://www.flipkart.com/search?q=mobile+phones&page=19
2025-12-03 18:39:29 — INFO — pipeline — Processing page 19
2025-12-03 18:39:29 — INFO — fetcher — Request attempt 1: https://www.flipkart.com/search?q=mobile+phones&page=19
2025-12-03 18:39:30 — INFO — fetcher — Page fetched successfully.
2025-12-03 18:39:30 — INFO — parser — Found 24 product cards.
2025-12-03 18:39:30 — INFO — pagination — Next page found: https://www.flipkart.com/search?q=mobile+phones&page=20
2025-12-03 18:39:33 — INFO — pipeline — Processing page 20
2025-12-03 18:39:33 — INFO — fetcher — Request attempt 1: https://www.flipkart.com/search?q=mobile+phones&page=20
2025-12-03 18:39:34 — INFO — fetcher — Page fetched successfully.
2025-12-03 18:39:34 — INFO — parser — Found 24 product cards.
2025-12-03 18:39:34 — INFO — pagination — Next page found: https://www.flipkart.com/search?q=mobile+phones&page=21
2025-12-03 18:39:37 — INFO — pipeline — Processing page 21
2025-12-03 18:39:37 — INFO — fetcher — Request attempt 1: https://www.flipkart.com/search?q=mobile+phones&page=21
2025-12-03 18:39:38 — INFO — fetcher — Page fetched successfully.
2025-12-03 18:39:38 — INFO — parser — Found 24 product cards.
2025-12-03 18:39:38 — INFO — pagination — Next page found: https://www.flipkart.com/search?q=mobile+phones&page=22
2025-12-03 18:39:41 — INFO — pipeline — Processing page 22
2025-12-03 18:39:41 — INFO — fetcher — Request attempt 1: https://www.flipkart.com/search?q=mobile+phones&page=22
2025-12-03 18:39:41 — INFO — fetcher — Page fetched successfully.
2025-12-03 18:39:41 — INFO — parser — Found 24 product cards.
2025-12-03 18:39:41 — INFO — pagination — Next page found: https://www.flipkart.com/search?q=mobile+phones&page=23
2025-12-03 18:39:44 — INFO — pipeline — Processing page 23
2025-12-03 18:39:44 — INFO — fetcher — Request attempt 1: https://www.flipkart.com/search?q=mobile+phones&page=23
2025-12-03 18:39:45 — INFO — fetcher — Page fetched successfully.
2025-12-03 18:39:45 — INFO — parser — Found 24 product cards.
2025-12-03 18:39:45 — INFO — pagination — Next page found: https://www.flipkart.com/search?q=mobile+phones&page=24
2025-12-03 18:39:47 — INFO — pipeline — Processing page 24
2025-12-03 18:39:47 — INFO — fetcher — Request attempt 1: https://www.flipkart.com/search?q=mobile+phones&page=24
2025-12-03 18:39:47 — INFO — fetcher — Page fetched successfully.
2025-12-03 18:39:48 — INFO — parser — Found 24 product cards.
2025-12-03 18:39:48 — INFO — pagination — Next page found: https://www.flipkart.com/search?q=mobile+phones&page=25
2025-12-03 18:39:49 — INFO — pipeline — Processing page 25
2025-12-03 18:39:49 — INFO — fetcher — Request attempt 1: https://www.flipkart.com/search?q=mobile+phones&page=25
2025-12-03 18:39:50 — INFO — fetcher — Page fetched successfully.
2025-12-03 18:39:50 — INFO — parser — Found 24 product cards.
2025-12-03 18:39:50 — INFO — pagination — Next page found: https://www.flipkart.com/search?q=mobile+phones&page=26
2025-12-03 18:39:53 — INFO — pipeline — Processing page 26
2025-12-03 18:39:53 — INFO — fetcher — Request attempt 1: https://www.flipkart.com/search?q=mobile+phones&page=26
2025-12-03 18:39:54 — INFO — fetcher — Page fetched successfully.
2025-12-03 18:39:54 — INFO — parser — Found 24 product cards.
2025-12-03 18:39:54 — INFO — pagination — Next page found: https://www.flipkart.com/search?q=mobile+phones&page=27
2025-12-03 18:39:57 — INFO — pipeline — Processing page 27
2025-12-03 18:39:57 — INFO — fetcher — Request attempt 1: https://www.flipkart.com/search?q=mobile+phones&page=27
2025-12-03 18:39:57 — INFO — fetcher — Page fetched successfully.
2025-12-03 18:39:57 — INFO — parser — Found 24 product cards.
2025-12-03 18:39:57 — INFO — pagination — Next page found: https://www.flipkart.com/search?q=mobile+phones&page=28
2025-12-03 18:39:59 — INFO — pipeline — Processing page 28
2025-12-03 18:39:59 — INFO — fetcher — Request attempt 1: https://www.flipkart.com/search?q=mobile+phones&page=28
2025-12-03 18:40:00 — INFO — fetcher — Page fetched successfully.
2025-12-03 18:40:00 — INFO — parser — Found 24 product cards.
2025-12-03 18:40:00 — INFO — pagination — Next page found: https://www.flipkart.com/search?q=mobile+phones&page=29
2025-12-03 18:40:02 — INFO — pipeline — Processing page 29
2025-12-03 18:40:02 — INFO — fetcher — Request attempt 1: https://www.flipkart.com/search?q=mobile+phones&page=29
2025-12-03 18:40:17 — ERROR — fetcher — Fetch error: Failed to perform, curl: (28) Connection timed out after 15006 milliseconds. See https://curl.se/libcurl/c/libcurl-errors.html first for more details.
2025-12-03 18:40:19 — INFO — fetcher — Request attempt 2: https://www.flipkart.com/search?q=mobile+phones&page=29
2025-12-03 18:40:21 — INFO — fetcher — Page fetched successfully.
2025-12-03 18:40:21 — INFO — parser — Found 24 product cards.
2025-12-03 18:40:21 — INFO — pagination — Next page found: https://www.flipkart.com/search?q=mobile+phones&page=30
2025-12-03 18:40:23 — INFO — pipeline — Processing page 30
2025-12-03 18:40:23 — INFO — fetcher — Request attempt 1: https://www.flipkart.com/search?q=mobile+phones&page=30
2025-12-03 18:40:24 — INFO — fetcher — Page fetched successfully.
2025-12-03 18:40:24 — INFO — parser — Found 24 product cards.
2025-12-03 18:40:24 — INFO — pagination — Next page found: https://www.flipkart.com/search?q=mobile+phones&page=31
2025-12-03 18:40:27 — INFO — pipeline — Processing page 31
2025-12-03 18:40:27 — INFO — fetcher — Request attempt 1: https://www.flipkart.com/search?q=mobile+phones&page=31
2025-12-03 18:40:28 — INFO — fetcher — Page fetched successfully.
2025-12-03 18:40:28 — INFO — parser — Found 24 product cards.
2025-12-03 18:40:28 — INFO — pagination — Next page found: https://www.flipkart.com/search?q=mobile+phones&page=32
2025-12-03 18:40:31 — INFO — pipeline — Processing page 32
2025-12-03 18:40:31 — INFO — fetcher — Request attempt 1: https://www.flipkart.com/search?q=mobile+phones&page=32
2025-12-03 18:40:32 — INFO — fetcher — Page fetched successfully.
2025-12-03 18:40:32 — INFO — parser — Found 24 product cards.
2025-12-03 18:40:32 — INFO — pagination — Next page found: https://www.flipkart.com/search?q=mobile+phones&page=33
2025-12-03 18:40:35 — INFO — pipeline — Processing page 33
2025-12-03 18:40:35 — INFO — fetcher — Request attempt 1: https://www.flipkart.com/search?q=mobile+phones&page=33
2025-12-03 18:40:35 — INFO — fetcher — Page fetched successfully.
2025-12-03 18:40:36 — INFO — parser — Found 24 product cards.
2025-12-03 18:40:36 — INFO — pagination — Next page found: https://www.flipkart.com/search?q=mobile+phones&page=34
2025-12-03 18:40:38 — INFO — pipeline — Processing page 34
2025-12-03 18:40:38 — INFO — fetcher — Request attempt 1: https://www.flipkart.com/search?q=mobile+phones&page=34
2025-12-03 18:40:38 — INFO — fetcher — Page fetched successfully.
2025-12-03 18:40:38 — INFO — parser — Found 24 product cards.
2025-12-03 18:40:38 — INFO — pagination — Next page found: https://www.flipkart.com/search?q=mobile+phones&page=35
2025-12-03 18:40:41 — INFO — pipeline — Processing page 35
2025-12-03 18:40:41 — INFO — fetcher — Request attempt 1: https://www.flipkart.com/search?q=mobile+phones&page=35
2025-12-03 18:40:43 — INFO — fetcher — Page fetched successfully.
2025-12-03 18:40:43 — INFO — parser — Found 24 product cards.
2025-12-03 18:40:43 — INFO — pagination — Next page found: https://www.flipkart.com/search?q=mobile+phones&page=36
2025-12-03 18:40:45 — INFO — pipeline — Processing page 36
2025-12-03 18:40:45 — INFO — fetcher — Request attempt 1: https://www.flipkart.com/search?q=mobile+phones&page=36
2025-12-03 18:40:49 — INFO — fetcher — Page fetched successfully.
2025-12-03 18:40:49 — INFO — parser — Found 24 product cards.
2025-12-03 18:40:49 — INFO — pagination — Next page found: https://www.flipkart.com/search?q=mobile+phones&page=37
2025-12-03 18:40:52 — INFO — pipeline — Processing page 37
2025-12-03 18:40:52 — INFO — fetcher — Request attempt 1: https://www.flipkart.com/search?q=mobile+phones&page=37
2025-12-03 18:40:54 — INFO — fetcher — Page fetched successfully.
2025-12-03 18:40:54 — INFO — parser — Found 24 product cards.
2025-12-03 18:40:54 — INFO — pagination — Next page found: https://www.flipkart.com/search?q=mobile+phones&page=38
2025-12-03 18:40:56 — INFO — pipeline — Processing page 38
2025-12-03 18:40:56 — INFO — fetcher — Request attempt 1: https://www.flipkart.com/search?q=mobile+phones&page=38
2025-12-03 18:40:58 — INFO — fetcher — Page fetched successfully.
2025-12-03 18:40:58 — INFO — parser — Found 24 product cards.
2025-12-03 18:40:58 — INFO — pagination — Next page found: https://www.flipkart.com/search?q=mobile+phones&page=39
2025-12-03 18:41:00 — INFO — pipeline — Processing page 39
2025-12-03 18:41:00 — INFO — fetcher — Request attempt 1: https://www.flipkart.com/search?q=mobile+phones&page=39
2025-12-03 18:41:01 — INFO — fetcher — Page fetched successfully.
2025-12-03 18:41:01 — INFO — parser — Found 24 product cards.
2025-12-03 18:41:01 — INFO — pagination — Next page found: https://www.flipkart.com/search?q=mobile+phones&page=40
2025-12-03 18:41:03 — INFO — pipeline — Processing page 40
2025-12-03 18:41:03 — INFO — fetcher — Request attempt 1: https://www.flipkart.com/search?q=mobile+phones&page=40
2025-12-03 18:41:04 — INFO — fetcher — Page fetched successfully.
2025-12-03 18:41:04 — INFO — parser — Found 24 product cards.
2025-12-03 18:41:04 — INFO — pagination — Next page found: https://www.flipkart.com/search?q=mobile+phones&page=41
2025-12-03 18:41:06 — INFO — pipeline — Processing page 41
2025-12-03 18:41:06 — INFO — fetcher — Request attempt 1: https://www.flipkart.com/search?q=mobile+phones&page=41
2025-12-03 18:41:07 — INFO — fetcher — Page fetched successfully.
2025-12-03 18:41:07 — INFO — parser — Found 24 product cards.
2025-12-03 18:41:07 — INFO — pagination — Next page found: https://www.flipkart.com/search?q=mobile+phones&page=42
2025-12-03 18:41:09 — INFO — pipeline — Processing page 42
2025-12-03 18:41:09 — INFO — fetcher — Request attempt 1: https://www.flipkart.com/search?q=mobile+phones&page=42
2025-12-03 18:41:09 — INFO — fetcher — Page fetched successfully.
2025-12-03 18:41:10 — INFO — parser — Found 0 product cards.
2025-12-03 18:41:10 — WARNING — pipeline — Blank page. Retrying…
2025-12-03 18:41:10 — INFO — fetcher — Request attempt 1: https://www.flipkart.com/search?q=mobile+phones&page=42
2025-12-03 18:41:11 — INFO — fetcher — Page fetched successfully.
2025-12-03 18:41:11 — INFO — parser — Found 0 product cards.
2025-12-03 18:41:11 — ERROR — pipeline — No data even after retry. Stopping.
2025-12-03 18:54:02 — INFO — fetcher — Request attempt 1: https://www.flipkart.com/search?q=mobile+phones
2025-12-03 18:54:03 — INFO — fetcher — Page fetched successfully.
2025-12-03 18:54:03 — INFO — parser — Found 24 product cards.
2025-12-03 18:54:03 — INFO — singele_page_main — \Exported: flipkart_mobiles_curlcffi.csv
2025-12-03 19:01:59 — INFO — fetcher — Request attempt 1: https://www.flipkart.com/search?q=mobile+phones
2025-12-03 19:02:00 — INFO — fetcher — Page fetched successfully.
2025-12-03 19:02:00 — INFO — parser — Found 24 product cards.
2025-12-03 19:02:00 — INFO — singele_page_main — \Exported: flipkart_mobiles_curlcffi.csv
2025-12-03 19:04:02 — INFO — fetcher — Request attempt 1: https://www.flipkart.com/search?q=mobile+phones
2025-12-03 19:04:03 — INFO — fetcher — Page fetched successfully.
2025-12-03 19:04:03 — INFO — parser — Found 24 product cards.
2025-12-03 19:04:03 — INFO — singele_page_main — Exported: raw_single_page_data.csv
2025-12-03 19:22:52 — INFO — main — Starting Flipkart scraping pipeline…
2025-12-03 19:22:52 — INFO — pipeline — Processing page 1
2025-12-03 19:22:52 — INFO — fetcher — Request attempt 1: https://www.flipkart.com/search?q=mobile+phones
2025-12-03 19:22:53 — INFO — fetcher — Page fetched successfully.
2025-12-03 19:22:53 — INFO — parser — Found 24 product cards.
2025-12-03 19:22:53 — INFO — pagination — Next page found: https://www.flipkart.com/search?q=mobile+phones&page=2
2025-12-03 19:22:55 — INFO — pipeline — Processing page 2
2025-12-03 19:22:55 — INFO — fetcher — Request attempt 1: https://www.flipkart.com/search?q=mobile+phones&page=2
2025-12-03 19:22:55 — INFO — fetcher — Page fetched successfully.
2025-12-03 19:22:55 — INFO — parser — Found 24 product cards.
2025-12-03 19:22:55 — INFO — pagination — Next page found: https://www.flipkart.com/search?q=mobile+phones&page=3
2025-12-03 19:22:57 — INFO — pipeline — Processing page 3
2025-12-03 19:22:57 — INFO — fetcher — Request attempt 1: https://www.flipkart.com/search?q=mobile+phones&page=3
2025-12-03 19:22:58 — ERROR — fetcher — Fetch error: Failed to perform, curl: (23) Failure writing output to destination, passed 16384 returned 0. See https://curl.se/libcurl/c/libcurl-errors.html first for more details.
2025-12-03 19:23:00 — INFO — fetcher — Request attempt 2: https://www.flipkart.com/search?q=mobile+phones&page=3
2025-12-03 19:23:03 — INFO — fetcher — Page fetched successfully.
2025-12-03 19:23:03 — INFO — parser — Found 24 product cards.
2025-12-03 19:23:03 — INFO — pagination — Next page found: https://www.flipkart.com/search?q=mobile+phones&page=4
2025-12-03 19:23:05 — INFO — pipeline — Processing page 4
2025-12-03 19:23:05 — INFO — fetcher — Request attempt 1: https://www.flipkart.com/search?q=mobile+phones&page=4
2025-12-03 19:23:06 — INFO — fetcher — Page fetched successfully.
2025-12-03 19:23:06 — INFO — parser — Found 24 product cards.
2025-12-03 19:23:06 — INFO — pagination — Next page found: https://www.flipkart.com/search?q=mobile+phones&page=5
2025-12-03 19:23:08 — INFO — pipeline — Processing page 5
2025-12-03 19:23:08 — INFO — fetcher — Request attempt 1: https://www.flipkart.com/search?q=mobile+phones&page=5
2025-12-03 19:23:08 — INFO — fetcher — Page fetched successfully.
2025-12-03 19:23:08 — INFO — parser — Found 24 product cards.
2025-12-03 19:23:08 — INFO — pagination — Next page found: https://www.flipkart.com/search?q=mobile+phones&page=6
